e:\uni\year 3\graphics programming with shaders\week8 - post processing\example7_postprocessing\example7_postprocessing\debug\vc141.pdb
e:\uni\year 3\graphics programming with shaders\week8 - post processing\example7_postprocessing\example7_postprocessing\debug\vc141.idb
e:\uni\year 3\graphics programming with shaders\week8 - post processing\example7_postprocessing\example7_postprocessing\debug\verticalblurshader.obj
e:\uni\year 3\graphics programming with shaders\week8 - post processing\example7_postprocessing\example7_postprocessing\debug\textureshader.obj
e:\uni\year 3\graphics programming with shaders\week8 - post processing\example7_postprocessing\example7_postprocessing\debug\main.obj
e:\uni\year 3\graphics programming with shaders\week8 - post processing\example7_postprocessing\example7_postprocessing\debug\lightshader.obj
e:\uni\year 3\graphics programming with shaders\week8 - post processing\example7_postprocessing\example7_postprocessing\debug\horizontalblurshader.obj
e:\uni\year 3\graphics programming with shaders\week8 - post processing\example7_postprocessing\example7_postprocessing\debug\app1.obj
e:\uni\year 3\graphics programming with shaders\week8 - post processing\example7_postprocessing\example7_postprocessing\horizontalblur_vs.cso
e:\uni\year 3\graphics programming with shaders\week8 - post processing\example7_postprocessing\example7_postprocessing\light_ps.cso
e:\uni\year 3\graphics programming with shaders\week8 - post processing\example7_postprocessing\example7_postprocessing\light_vs.cso
e:\uni\year 3\graphics programming with shaders\week8 - post processing\example7_postprocessing\example7_postprocessing\texture_ps.cso
e:\uni\year 3\graphics programming with shaders\week8 - post processing\example7_postprocessing\example7_postprocessing\texture_vs.cso
e:\uni\year 3\graphics programming with shaders\week8 - post processing\example7_postprocessing\example7_postprocessing\verticalblur_vs.cso
e:\uni\year 3\graphics programming with shaders\week8 - post processing\example7_postprocessing\example7_postprocessing\horizontalblur_ps.cso
e:\uni\year 3\graphics programming with shaders\week8 - post processing\example7_postprocessing\example7_postprocessing\verticalblur_ps.cso
e:\uni\year 3\graphics programming with shaders\week8 - post processing\example7_postprocessing\debug\example7_postprocessing.exe
e:\uni\year 3\graphics programming with shaders\week8 - post processing\example7_postprocessing\debug\example7_postprocessing.ilk
e:\uni\year 3\graphics programming with shaders\week8 - post processing\example7_postprocessing\debug\example7_postprocessing.pdb
e:\uni\year 3\graphics programming with shaders\week8 - post processing\example7_postprocessing\example7_postprocessing\debug\example7.b00de394.tlog\cl.command.1.tlog
e:\uni\year 3\graphics programming with shaders\week8 - post processing\example7_postprocessing\example7_postprocessing\debug\example7.b00de394.tlog\cl.read.1.tlog
e:\uni\year 3\graphics programming with shaders\week8 - post processing\example7_postprocessing\example7_postprocessing\debug\example7.b00de394.tlog\cl.write.1.tlog
e:\uni\year 3\graphics programming with shaders\week8 - post processing\example7_postprocessing\example7_postprocessing\debug\example7.b00de394.tlog\fxc.command.1.tlog
e:\uni\year 3\graphics programming with shaders\week8 - post processing\example7_postprocessing\example7_postprocessing\debug\example7.b00de394.tlog\fxc.read.1.tlog
e:\uni\year 3\graphics programming with shaders\week8 - post processing\example7_postprocessing\example7_postprocessing\debug\example7.b00de394.tlog\fxc.write.1.tlog
e:\uni\year 3\graphics programming with shaders\week8 - post processing\example7_postprocessing\example7_postprocessing\debug\example7.b00de394.tlog\link.command.1.tlog
e:\uni\year 3\graphics programming with shaders\week8 - post processing\example7_postprocessing\example7_postprocessing\debug\example7.b00de394.tlog\link.read.1.tlog
e:\uni\year 3\graphics programming with shaders\week8 - post processing\example7_postprocessing\example7_postprocessing\debug\example7.b00de394.tlog\link.write.1.tlog
