e:\uni\year 3\graphics programming with shaders\week 2 - texturing\example2_texture\example1_colour\debug\vc141.pdb
e:\uni\year 3\graphics programming with shaders\week 2 - texturing\example2_texture\example1_colour\debug\vc141.idb
e:\uni\year 3\graphics programming with shaders\week 2 - texturing\example2_texture\example1_colour\debug\textureshader.obj
e:\uni\year 3\graphics programming with shaders\week 2 - texturing\example2_texture\example1_colour\debug\texturedquad.obj
e:\uni\year 3\graphics programming with shaders\week 2 - texturing\example2_texture\example1_colour\debug\main.obj
e:\uni\year 3\graphics programming with shaders\week 2 - texturing\example2_texture\example1_colour\debug\app1.obj
e:\uni\year 3\graphics programming with shaders\week 2 - texturing\example2_texture\example1_colour\texture_vs.cso
e:\uni\year 3\graphics programming with shaders\week 2 - texturing\example2_texture\example1_colour\texture_ps.cso
e:\uni\year 3\graphics programming with shaders\week 2 - texturing\example2_texture\debug\example2_texture.exe
e:\uni\year 3\graphics programming with shaders\week 2 - texturing\example2_texture\debug\example2_texture.ilk
e:\uni\year 3\graphics programming with shaders\week 2 - texturing\example2_texture\debug\example2_texture.pdb
e:\uni\year 3\graphics programming with shaders\week 2 - texturing\example2_texture\example1_colour\debug\example2_texture.tlog\cl.command.1.tlog
e:\uni\year 3\graphics programming with shaders\week 2 - texturing\example2_texture\example1_colour\debug\example2_texture.tlog\cl.read.1.tlog
e:\uni\year 3\graphics programming with shaders\week 2 - texturing\example2_texture\example1_colour\debug\example2_texture.tlog\cl.write.1.tlog
e:\uni\year 3\graphics programming with shaders\week 2 - texturing\example2_texture\example1_colour\debug\example2_texture.tlog\fxc.command.1.tlog
e:\uni\year 3\graphics programming with shaders\week 2 - texturing\example2_texture\example1_colour\debug\example2_texture.tlog\fxc.read.1.tlog
e:\uni\year 3\graphics programming with shaders\week 2 - texturing\example2_texture\example1_colour\debug\example2_texture.tlog\fxc.write.1.tlog
e:\uni\year 3\graphics programming with shaders\week 2 - texturing\example2_texture\example1_colour\debug\example2_texture.tlog\link.command.1.tlog
e:\uni\year 3\graphics programming with shaders\week 2 - texturing\example2_texture\example1_colour\debug\example2_texture.tlog\link.read.1.tlog
e:\uni\year 3\graphics programming with shaders\week 2 - texturing\example2_texture\example1_colour\debug\example2_texture.tlog\link.write.1.tlog
