\\vmwfil01\homedrives67$\p514846\teaching\2018-19\cmp301 shaders\examples\example3_lighting\example3_lighting\debug\vc141.pdb
\\vmwfil01\homedrives67$\p514846\teaching\2018-19\cmp301 shaders\examples\example3_lighting\example3_lighting\debug\vc141.idb
\\vmwfil01\homedrives67$\p514846\teaching\2018-19\cmp301 shaders\examples\example3_lighting\example3_lighting\debug\app1.obj
\\vmwfil01\homedrives67$\p514846\teaching\2018-19\cmp301 shaders\examples\example3_lighting\example3_lighting\debug\lightshader.obj
\\vmwfil01\homedrives67$\p514846\teaching\2018-19\cmp301 shaders\examples\example3_lighting\example3_lighting\debug\main.obj
\\vmwfil01\homedrives67$\p514846\teaching\2018-19\cmp301 shaders\examples\example3_lighting\example3_lighting\light_ps.cso
\\vmwfil01\homedrives67$\p514846\teaching\2018-19\cmp301 shaders\examples\example3_lighting\example3_lighting\light_vs.cso
\\vmwfil01\homedrives67$\p514846\teaching\2018-19\cmp301 shaders\examples\example3_lighting\debug\example3_lighting.exe
\\vmwfil01\homedrives67$\p514846\teaching\2018-19\cmp301 shaders\examples\example3_lighting\debug\example3_lighting.ilk
\\vmwfil01\homedrives67$\p514846\teaching\2018-19\cmp301 shaders\examples\example3_lighting\debug\example3_lighting.pdb
\\vmwfil01\homedrives67$\p514846\teaching\2018-19\cmp301 shaders\examples\example3_lighting\example3_lighting\debug\example3.cd2d62c6.tlog\cl.command.1.tlog
\\vmwfil01\homedrives67$\p514846\teaching\2018-19\cmp301 shaders\examples\example3_lighting\example3_lighting\debug\example3.cd2d62c6.tlog\cl.read.1.tlog
\\vmwfil01\homedrives67$\p514846\teaching\2018-19\cmp301 shaders\examples\example3_lighting\example3_lighting\debug\example3.cd2d62c6.tlog\cl.write.1.tlog
\\vmwfil01\homedrives67$\p514846\teaching\2018-19\cmp301 shaders\examples\example3_lighting\example3_lighting\debug\example3.cd2d62c6.tlog\example3_lighting.write.1u.tlog
\\vmwfil01\homedrives67$\p514846\teaching\2018-19\cmp301 shaders\examples\example3_lighting\example3_lighting\debug\example3.cd2d62c6.tlog\fxc.command.1.tlog
\\vmwfil01\homedrives67$\p514846\teaching\2018-19\cmp301 shaders\examples\example3_lighting\example3_lighting\debug\example3.cd2d62c6.tlog\fxc.read.1.tlog
\\vmwfil01\homedrives67$\p514846\teaching\2018-19\cmp301 shaders\examples\example3_lighting\example3_lighting\debug\example3.cd2d62c6.tlog\fxc.write.1.tlog
\\vmwfil01\homedrives67$\p514846\teaching\2018-19\cmp301 shaders\examples\example3_lighting\example3_lighting\debug\example3.cd2d62c6.tlog\link.command.1.tlog
\\vmwfil01\homedrives67$\p514846\teaching\2018-19\cmp301 shaders\examples\example3_lighting\example3_lighting\debug\example3.cd2d62c6.tlog\link.read.1.tlog
\\vmwfil01\homedrives67$\p514846\teaching\2018-19\cmp301 shaders\examples\example3_lighting\example3_lighting\debug\example3.cd2d62c6.tlog\link.write.1.tlog
