e:\uni\year 3\graphics programming with shaders\week5 - vertex manipulation\example3_lighting\example3_lighting\debug\vc141.pdb
e:\uni\year 3\graphics programming with shaders\week5 - vertex manipulation\example3_lighting\example3_lighting\debug\vc141.idb
e:\uni\year 3\graphics programming with shaders\week5 - vertex manipulation\example3_lighting\example3_lighting\debug\manipulation.obj
e:\uni\year 3\graphics programming with shaders\week5 - vertex manipulation\example3_lighting\example3_lighting\debug\main.obj
e:\uni\year 3\graphics programming with shaders\week5 - vertex manipulation\example3_lighting\example3_lighting\debug\lightshaderspecular.obj
e:\uni\year 3\graphics programming with shaders\week5 - vertex manipulation\example3_lighting\example3_lighting\debug\lightshader.obj
e:\uni\year 3\graphics programming with shaders\week5 - vertex manipulation\example3_lighting\example3_lighting\debug\app1.obj
e:\uni\year 3\graphics programming with shaders\week5 - vertex manipulation\example3_lighting\example3_lighting\light_ps.cso
e:\uni\year 3\graphics programming with shaders\week5 - vertex manipulation\example3_lighting\example3_lighting\light_ps_spec.cso
e:\uni\year 3\graphics programming with shaders\week5 - vertex manipulation\example3_lighting\example3_lighting\light_vs.cso
e:\uni\year 3\graphics programming with shaders\week5 - vertex manipulation\example3_lighting\example3_lighting\light_vs_spec.cso
e:\uni\year 3\graphics programming with shaders\week5 - vertex manipulation\example3_lighting\example3_lighting\manipulation_ps.cso
e:\uni\year 3\graphics programming with shaders\week5 - vertex manipulation\example3_lighting\example3_lighting\manipulation_vs.cso
e:\uni\year 3\graphics programming with shaders\week5 - vertex manipulation\example3_lighting\debug\example3_lighting.exe
e:\uni\year 3\graphics programming with shaders\week5 - vertex manipulation\example3_lighting\debug\example3_lighting.ilk
e:\uni\year 3\graphics programming with shaders\week5 - vertex manipulation\example3_lighting\debug\example3_lighting.pdb
e:\uni\year 3\graphics programming with shaders\week5 - vertex manipulation\example3_lighting\example3_lighting\debug\example3.cd2d62c6.tlog\cl.command.1.tlog
e:\uni\year 3\graphics programming with shaders\week5 - vertex manipulation\example3_lighting\example3_lighting\debug\example3.cd2d62c6.tlog\cl.read.1.tlog
e:\uni\year 3\graphics programming with shaders\week5 - vertex manipulation\example3_lighting\example3_lighting\debug\example3.cd2d62c6.tlog\cl.write.1.tlog
e:\uni\year 3\graphics programming with shaders\week5 - vertex manipulation\example3_lighting\example3_lighting\debug\example3.cd2d62c6.tlog\fxc.command.1.tlog
e:\uni\year 3\graphics programming with shaders\week5 - vertex manipulation\example3_lighting\example3_lighting\debug\example3.cd2d62c6.tlog\fxc.read.1.tlog
e:\uni\year 3\graphics programming with shaders\week5 - vertex manipulation\example3_lighting\example3_lighting\debug\example3.cd2d62c6.tlog\fxc.write.1.tlog
e:\uni\year 3\graphics programming with shaders\week5 - vertex manipulation\example3_lighting\example3_lighting\debug\example3.cd2d62c6.tlog\link.command.1.tlog
e:\uni\year 3\graphics programming with shaders\week5 - vertex manipulation\example3_lighting\example3_lighting\debug\example3.cd2d62c6.tlog\link.read.1.tlog
e:\uni\year 3\graphics programming with shaders\week5 - vertex manipulation\example3_lighting\example3_lighting\debug\example3.cd2d62c6.tlog\link.write.1.tlog
