\\vmwfil01\homedrives67$\p514846\teaching\2018-19\cmp301 shaders\examples\example6_rendertexture\example6_rendertexture\debug\vc141.pdb
\\vmwfil01\homedrives67$\p514846\teaching\2018-19\cmp301 shaders\examples\example6_rendertexture\example6_rendertexture\debug\vc141.idb
\\vmwfil01\homedrives67$\p514846\teaching\2018-19\cmp301 shaders\examples\example6_rendertexture\example6_rendertexture\debug\textureshader.obj
\\vmwfil01\homedrives67$\p514846\teaching\2018-19\cmp301 shaders\examples\example6_rendertexture\example6_rendertexture\debug\main.obj
\\vmwfil01\homedrives67$\p514846\teaching\2018-19\cmp301 shaders\examples\example6_rendertexture\example6_rendertexture\debug\lightshader.obj
\\vmwfil01\homedrives67$\p514846\teaching\2018-19\cmp301 shaders\examples\example6_rendertexture\example6_rendertexture\debug\app1.obj
m:\teaching\2018-19\cmp301 shaders\examples\example6_rendertexture\example6_rendertexture\debug\vc141.pdb
m:\teaching\2018-19\cmp301 shaders\examples\example6_rendertexture\example6_rendertexture\debug\vc141.idb
m:\teaching\2018-19\cmp301 shaders\examples\example6_rendertexture\example6_rendertexture\debug\textureshader.obj
m:\teaching\2018-19\cmp301 shaders\examples\example6_rendertexture\example6_rendertexture\debug\main.obj
m:\teaching\2018-19\cmp301 shaders\examples\example6_rendertexture\example6_rendertexture\debug\lightshader.obj
m:\teaching\2018-19\cmp301 shaders\examples\example6_rendertexture\example6_rendertexture\debug\app1.obj
\\vmwfil01\homedrives67$\p514846\teaching\2018-19\cmp301 shaders\examples\example6_rendertexture\debug\example6_rendertexture.exe
\\vmwfil01\homedrives67$\p514846\teaching\2018-19\cmp301 shaders\examples\example6_rendertexture\debug\example6_rendertexture.ilk
\\vmwfil01\homedrives67$\p514846\teaching\2018-19\cmp301 shaders\examples\example6_rendertexture\debug\example6_rendertexture.pdb
m:\teaching\2018-19\cmp301 shaders\examples\example6_rendertexture\debug\example6_rendertexture.ilk
m:\teaching\2018-19\cmp301 shaders\examples\example6_rendertexture\debug\example6_rendertexture.exe
m:\teaching\2018-19\cmp301 shaders\examples\example6_rendertexture\debug\example6_rendertexture.pdb
m:\teaching\2018-19\cmp301 shaders\examples\example6_rendertexture\example6_rendertexture\debug\example6.4b573436.tlog\cl.command.1.tlog
m:\teaching\2018-19\cmp301 shaders\examples\example6_rendertexture\example6_rendertexture\debug\example6.4b573436.tlog\cl.read.1.tlog
m:\teaching\2018-19\cmp301 shaders\examples\example6_rendertexture\example6_rendertexture\debug\example6.4b573436.tlog\cl.write.1.tlog
m:\teaching\2018-19\cmp301 shaders\examples\example6_rendertexture\example6_rendertexture\debug\example6.4b573436.tlog\fxc.command.1.tlog
m:\teaching\2018-19\cmp301 shaders\examples\example6_rendertexture\example6_rendertexture\debug\example6.4b573436.tlog\fxc.read.1.tlog
m:\teaching\2018-19\cmp301 shaders\examples\example6_rendertexture\example6_rendertexture\debug\example6.4b573436.tlog\fxc.write.1.tlog
m:\teaching\2018-19\cmp301 shaders\examples\example6_rendertexture\example6_rendertexture\debug\example6.4b573436.tlog\link.command.1.tlog
m:\teaching\2018-19\cmp301 shaders\examples\example6_rendertexture\example6_rendertexture\debug\example6.4b573436.tlog\link.read.1.tlog
m:\teaching\2018-19\cmp301 shaders\examples\example6_rendertexture\example6_rendertexture\debug\example6.4b573436.tlog\link.write.1.tlog
