\\vmwfil01\homedrives67$\p514846\teaching\2018-19\cmp301 shaders\examples\example1_colour\example1_colour\debug\vc141.pdb
\\vmwfil01\homedrives67$\p514846\teaching\2018-19\cmp301 shaders\examples\example1_colour\example1_colour\debug\vc141.idb
\\vmwfil01\homedrives67$\p514846\teaching\2018-19\cmp301 shaders\examples\example1_colour\example1_colour\debug\colourshader.obj
\\vmwfil01\homedrives67$\p514846\teaching\2018-19\cmp301 shaders\examples\example1_colour\example1_colour\debug\colourtriangle.obj
\\vmwfil01\homedrives67$\p514846\teaching\2018-19\cmp301 shaders\examples\example1_colour\example1_colour\debug\main.obj
\\vmwfil01\homedrives67$\p514846\teaching\2018-19\cmp301 shaders\examples\example1_colour\example1_colour\debug\app1.obj
\\vmwfil01\homedrives67$\p514846\teaching\2018-19\cmp301 shaders\examples\example1_colour\example1_colour\colour_ps.cso
\\vmwfil01\homedrives67$\p514846\teaching\2018-19\cmp301 shaders\examples\example1_colour\example1_colour\colour_vs.cso
\\vmwfil01\homedrives67$\p514846\teaching\2018-19\cmp301 shaders\examples\example1_colour\debug\example1_colour.exe
\\vmwfil01\homedrives67$\p514846\teaching\2018-19\cmp301 shaders\examples\example1_colour\debug\example1_colour.ilk
\\vmwfil01\homedrives67$\p514846\teaching\2018-19\cmp301 shaders\examples\example1_colour\debug\example1_colour.pdb
\\vmwfil01\homedrives67$\p514846\teaching\2018-19\cmp301 shaders\examples\example1_colour\example1_colour\debug\example1_colour.tlog\cl.command.1.tlog
\\vmwfil01\homedrives67$\p514846\teaching\2018-19\cmp301 shaders\examples\example1_colour\example1_colour\debug\example1_colour.tlog\cl.read.1.tlog
\\vmwfil01\homedrives67$\p514846\teaching\2018-19\cmp301 shaders\examples\example1_colour\example1_colour\debug\example1_colour.tlog\cl.write.1.tlog
\\vmwfil01\homedrives67$\p514846\teaching\2018-19\cmp301 shaders\examples\example1_colour\example1_colour\debug\example1_colour.tlog\example1_colour.write.1u.tlog
\\vmwfil01\homedrives67$\p514846\teaching\2018-19\cmp301 shaders\examples\example1_colour\example1_colour\debug\example1_colour.tlog\fxc.command.1.tlog
\\vmwfil01\homedrives67$\p514846\teaching\2018-19\cmp301 shaders\examples\example1_colour\example1_colour\debug\example1_colour.tlog\fxc.read.1.tlog
\\vmwfil01\homedrives67$\p514846\teaching\2018-19\cmp301 shaders\examples\example1_colour\example1_colour\debug\example1_colour.tlog\fxc.write.1.tlog
\\vmwfil01\homedrives67$\p514846\teaching\2018-19\cmp301 shaders\examples\example1_colour\example1_colour\debug\example1_colour.tlog\link.command.1.tlog
\\vmwfil01\homedrives67$\p514846\teaching\2018-19\cmp301 shaders\examples\example1_colour\example1_colour\debug\example1_colour.tlog\link.read.1.tlog
\\vmwfil01\homedrives67$\p514846\teaching\2018-19\cmp301 shaders\examples\example1_colour\example1_colour\debug\example1_colour.tlog\link.write.1.tlog
