\\vmwfil01\homedrives67$\p514846\teaching\2018-19\cmp301 shaders\examples\example4_pointlight\example4_pointlight\debug\vc141.pdb
\\vmwfil01\homedrives67$\p514846\teaching\2018-19\cmp301 shaders\examples\example4_pointlight\example4_pointlight\debug\vc141.idb
\\vmwfil01\homedrives67$\p514846\teaching\2018-19\cmp301 shaders\examples\example4_pointlight\example4_pointlight\debug\app1.obj
\\vmwfil01\homedrives67$\p514846\teaching\2018-19\cmp301 shaders\examples\example4_pointlight\example4_pointlight\debug\lightshader.obj
\\vmwfil01\homedrives67$\p514846\teaching\2018-19\cmp301 shaders\examples\example4_pointlight\example4_pointlight\debug\main.obj
\\vmwfil01\homedrives67$\p514846\teaching\2018-19\cmp301 shaders\examples\example4_pointlight\example4_pointlight\light_ps.cso
\\vmwfil01\homedrives67$\p514846\teaching\2018-19\cmp301 shaders\examples\example4_pointlight\example4_pointlight\light_vs.cso
\\vmwfil01\homedrives67$\p514846\teaching\2018-19\cmp301 shaders\examples\example4_pointlight\debug\example4_pointlight.ilk
\\vmwfil01\homedrives67$\p514846\teaching\2018-19\cmp301 shaders\examples\example4_pointlight\debug\example4_pointlight.exe
\\vmwfil01\homedrives67$\p514846\teaching\2018-19\cmp301 shaders\examples\example4_pointlight\debug\example4_pointlight.pdb
\\vmwfil01\homedrives67$\p514846\teaching\2018-19\cmp301 shaders\examples\example4_pointlight\example4_pointlight\debug\example4.08a77077.tlog\cl.command.1.tlog
\\vmwfil01\homedrives67$\p514846\teaching\2018-19\cmp301 shaders\examples\example4_pointlight\example4_pointlight\debug\example4.08a77077.tlog\cl.read.1.tlog
\\vmwfil01\homedrives67$\p514846\teaching\2018-19\cmp301 shaders\examples\example4_pointlight\example4_pointlight\debug\example4.08a77077.tlog\cl.write.1.tlog
\\vmwfil01\homedrives67$\p514846\teaching\2018-19\cmp301 shaders\examples\example4_pointlight\example4_pointlight\debug\example4.08a77077.tlog\example4_pointlight.write.1u.tlog
\\vmwfil01\homedrives67$\p514846\teaching\2018-19\cmp301 shaders\examples\example4_pointlight\example4_pointlight\debug\example4.08a77077.tlog\fxc.command.1.tlog
\\vmwfil01\homedrives67$\p514846\teaching\2018-19\cmp301 shaders\examples\example4_pointlight\example4_pointlight\debug\example4.08a77077.tlog\fxc.read.1.tlog
\\vmwfil01\homedrives67$\p514846\teaching\2018-19\cmp301 shaders\examples\example4_pointlight\example4_pointlight\debug\example4.08a77077.tlog\fxc.write.1.tlog
\\vmwfil01\homedrives67$\p514846\teaching\2018-19\cmp301 shaders\examples\example4_pointlight\example4_pointlight\debug\example4.08a77077.tlog\link.command.1.tlog
\\vmwfil01\homedrives67$\p514846\teaching\2018-19\cmp301 shaders\examples\example4_pointlight\example4_pointlight\debug\example4.08a77077.tlog\link.read.1.tlog
\\vmwfil01\homedrives67$\p514846\teaching\2018-19\cmp301 shaders\examples\example4_pointlight\example4_pointlight\debug\example4.08a77077.tlog\link.write.1.tlog
